1703807946.278663 client started (62336): version 3.3a, socket /tmp/tmux-1000/default, protocol 8
1703807946.278787 on Linux 6.6.8-arch1-1 #1 SMP PREEMPT_DYNAMIC Thu, 21 Dec 2023 19:01:01 +0000
1703807946.278791 using libevent 2.1.12-stable (poll); ncurses 6.4
1703807946.278801 flags are 0x10010000
1703807946.278803 socket is /tmp/tmux-1000/default
1703807946.278812 trying connect
1703807946.278852 add peer 0x55dca2eac580: 6 ((nil))
1703807946.279021 sending message 100 to peer 0x55dca2eac580 (4 bytes)
1703807946.279023 sending message 111 to peer 0x55dca2eac580 (8 bytes)
1703807946.279025 sending message 101 to peer 0x55dca2eac580 (16 bytes)
1703807946.279027 sending message 109 to peer 0x55dca2eac580 (4 bytes)
1703807946.279029 sending message 102 to peer 0x55dca2eac580 (11 bytes)
1703807946.279031 sending message 108 to peer 0x55dca2eac580 (18 bytes)
1703807946.279033 sending message 112 to peer 0x55dca2eac580 (70 bytes)
1703807946.279034 sending message 112 to peer 0x55dca2eac580 (5 bytes)
1703807946.279036 sending message 112 to peer 0x55dca2eac580 (5 bytes)
1703807946.279038 sending message 112 to peer 0x55dca2eac580 (6 bytes)
1703807946.279040 sending message 112 to peer 0x55dca2eac580 (6 bytes)
1703807946.279042 sending message 112 to peer 0x55dca2eac580 (11 bytes)
1703807946.279044 sending message 112 to peer 0x55dca2eac580 (10 bytes)
1703807946.279045 sending message 112 to peer 0x55dca2eac580 (13 bytes)
1703807946.279047 sending message 112 to peer 0x55dca2eac580 (13 bytes)
1703807946.279049 sending message 112 to peer 0x55dca2eac580 (18 bytes)
1703807946.279051 sending message 112 to peer 0x55dca2eac580 (11 bytes)
1703807946.279053 sending message 112 to peer 0x55dca2eac580 (21 bytes)
1703807946.279054 sending message 112 to peer 0x55dca2eac580 (13 bytes)
1703807946.279056 sending message 112 to peer 0x55dca2eac580 (7 bytes)
1703807946.279058 sending message 112 to peer 0x55dca2eac580 (13 bytes)
1703807946.279060 sending message 112 to peer 0x55dca2eac580 (7 bytes)
1703807946.279062 sending message 112 to peer 0x55dca2eac580 (13 bytes)
1703807946.279063 sending message 112 to peer 0x55dca2eac580 (9 bytes)
1703807946.279065 sending message 112 to peer 0x55dca2eac580 (21 bytes)
1703807946.279067 sending message 112 to peer 0x55dca2eac580 (13 bytes)
1703807946.279069 sending message 112 to peer 0x55dca2eac580 (8 bytes)
1703807946.279071 sending message 112 to peer 0x55dca2eac580 (12 bytes)
1703807946.279073 sending message 112 to peer 0x55dca2eac580 (13 bytes)
1703807946.279074 sending message 112 to peer 0x55dca2eac580 (9 bytes)
1703807946.279076 sending message 112 to peer 0x55dca2eac580 (9 bytes)
1703807946.279078 sending message 112 to peer 0x55dca2eac580 (12 bytes)
1703807946.279080 sending message 112 to peer 0x55dca2eac580 (8 bytes)
1703807946.279082 sending message 112 to peer 0x55dca2eac580 (7 bytes)
1703807946.279083 sending message 112 to peer 0x55dca2eac580 (7 bytes)
1703807946.279085 sending message 112 to peer 0x55dca2eac580 (9 bytes)
1703807946.279087 sending message 112 to peer 0x55dca2eac580 (13 bytes)
1703807946.279089 sending message 112 to peer 0x55dca2eac580 (9 bytes)
1703807946.279091 sending message 112 to peer 0x55dca2eac580 (15 bytes)
1703807946.279092 sending message 112 to peer 0x55dca2eac580 (13 bytes)
1703807946.279094 sending message 112 to peer 0x55dca2eac580 (12 bytes)
1703807946.279096 sending message 112 to peer 0x55dca2eac580 (8 bytes)
1703807946.279098 sending message 112 to peer 0x55dca2eac580 (14 bytes)
1703807946.279099 sending message 112 to peer 0x55dca2eac580 (9 bytes)
1703807946.279101 sending message 112 to peer 0x55dca2eac580 (10 bytes)
1703807946.279103 sending message 112 to peer 0x55dca2eac580 (10 bytes)
1703807946.279105 sending message 112 to peer 0x55dca2eac580 (10 bytes)
1703807946.279106 sending message 112 to peer 0x55dca2eac580 (10 bytes)
1703807946.279108 sending message 112 to peer 0x55dca2eac580 (11 bytes)
1703807946.279110 sending message 112 to peer 0x55dca2eac580 (10 bytes)
1703807946.279112 sending message 112 to peer 0x55dca2eac580 (8 bytes)
1703807946.279113 sending message 112 to peer 0x55dca2eac580 (11 bytes)
1703807946.279120 sending message 112 to peer 0x55dca2eac580 (11 bytes)
1703807946.279121 sending message 112 to peer 0x55dca2eac580 (11 bytes)
1703807946.279123 sending message 112 to peer 0x55dca2eac580 (8 bytes)
1703807946.279125 sending message 112 to peer 0x55dca2eac580 (8 bytes)
1703807946.279127 sending message 112 to peer 0x55dca2eac580 (8 bytes)
1703807946.279129 sending message 112 to peer 0x55dca2eac580 (10 bytes)
1703807946.279130 sending message 112 to peer 0x55dca2eac580 (10 bytes)
1703807946.279132 sending message 112 to peer 0x55dca2eac580 (10 bytes)
1703807946.279134 sending message 112 to peer 0x55dca2eac580 (10 bytes)
1703807946.279136 sending message 112 to peer 0x55dca2eac580 (10 bytes)
1703807946.279137 sending message 112 to peer 0x55dca2eac580 (11 bytes)
1703807946.279139 sending message 112 to peer 0x55dca2eac580 (11 bytes)
1703807946.279141 sending message 112 to peer 0x55dca2eac580 (10 bytes)
1703807946.279143 sending message 112 to peer 0x55dca2eac580 (9 bytes)
1703807946.279145 sending message 112 to peer 0x55dca2eac580 (9 bytes)
1703807946.279147 sending message 112 to peer 0x55dca2eac580 (12 bytes)
1703807946.279148 sending message 112 to peer 0x55dca2eac580 (9 bytes)
1703807946.279150 sending message 112 to peer 0x55dca2eac580 (6 bytes)
1703807946.279152 sending message 112 to peer 0x55dca2eac580 (13 bytes)
1703807946.279154 sending message 112 to peer 0x55dca2eac580 (8 bytes)
1703807946.279155 sending message 112 to peer 0x55dca2eac580 (15 bytes)
1703807946.279157 sending message 112 to peer 0x55dca2eac580 (13 bytes)
1703807946.279159 sending message 112 to peer 0x55dca2eac580 (70 bytes)
1703807946.279161 sending message 112 to peer 0x55dca2eac580 (69 bytes)
1703807946.279163 sending message 112 to peer 0x55dca2eac580 (10 bytes)
1703807946.279164 sending message 112 to peer 0x55dca2eac580 (8 bytes)
1703807946.279166 sending message 112 to peer 0x55dca2eac580 (15 bytes)
1703807946.279168 sending message 112 to peer 0x55dca2eac580 (13 bytes)
1703807946.279170 sending message 112 to peer 0x55dca2eac580 (10 bytes)
1703807946.279172 sending message 112 to peer 0x55dca2eac580 (10 bytes)
1703807946.279173 sending message 112 to peer 0x55dca2eac580 (5 bytes)
1703807946.279175 sending message 112 to peer 0x55dca2eac580 (15 bytes)
1703807946.279177 sending message 104 to peer 0x55dca2eac580 (0 bytes)
1703807946.279180 sending message 110 to peer 0x55dca2eac580 (0 bytes)
1703807946.279182 sending message 107 to peer 0x55dca2eac580 (4 bytes)
1703807946.279183 sending message 105 to peer 0x55dca2eac580 (28 bytes)
1703807946.279185 sending message 105 to peer 0x55dca2eac580 (16 bytes)
1703807946.279187 sending message 105 to peer 0x55dca2eac580 (20 bytes)
1703807946.279189 sending message 105 to peer 0x55dca2eac580 (54 bytes)
1703807946.279191 sending message 105 to peer 0x55dca2eac580 (49 bytes)
1703807946.279192 sending message 105 to peer 0x55dca2eac580 (30 bytes)
1703807946.279194 sending message 105 to peer 0x55dca2eac580 (19 bytes)
1703807946.279196 sending message 105 to peer 0x55dca2eac580 (11 bytes)
1703807946.279198 sending message 105 to peer 0x55dca2eac580 (12 bytes)
1703807946.279199 sending message 105 to peer 0x55dca2eac580 (56 bytes)
1703807946.279201 sending message 105 to peer 0x55dca2eac580 (201 bytes)
1703807946.279203 sending message 105 to peer 0x55dca2eac580 (17 bytes)
1703807946.279205 sending message 105 to peer 0x55dca2eac580 (47 bytes)
1703807946.279207 sending message 105 to peer 0x55dca2eac580 (22 bytes)
1703807946.279208 sending message 105 to peer 0x55dca2eac580 (28 bytes)
1703807946.279210 sending message 105 to peer 0x55dca2eac580 (22 bytes)
1703807946.279212 sending message 105 to peer 0x55dca2eac580 (21 bytes)
1703807946.279214 sending message 105 to peer 0x55dca2eac580 (22 bytes)
1703807946.279215 sending message 105 to peer 0x55dca2eac580 (36 bytes)
1703807946.279217 sending message 105 to peer 0x55dca2eac580 (38 bytes)
1703807946.279219 sending message 105 to peer 0x55dca2eac580 (16 bytes)
1703807946.279221 sending message 105 to peer 0x55dca2eac580 (60 bytes)
1703807946.279225 sending message 105 to peer 0x55dca2eac580 (18 bytes)
1703807946.279227 sending message 105 to peer 0x55dca2eac580 (17 bytes)
1703807946.279229 sending message 105 to peer 0x55dca2eac580 (10 bytes)
1703807946.279231 sending message 105 to peer 0x55dca2eac580 (23 bytes)
1703807946.279233 sending message 105 to peer 0x55dca2eac580 (30 bytes)
1703807946.279234 sending message 105 to peer 0x55dca2eac580 (27 bytes)
1703807946.279236 sending message 105 to peer 0x55dca2eac580 (24 bytes)
1703807946.279238 sending message 105 to peer 0x55dca2eac580 (20 bytes)
1703807946.279240 sending message 105 to peer 0x55dca2eac580 (23 bytes)
1703807946.279241 sending message 105 to peer 0x55dca2eac580 (21 bytes)
1703807946.279243 sending message 105 to peer 0x55dca2eac580 (25 bytes)
1703807946.279245 sending message 105 to peer 0x55dca2eac580 (20 bytes)
1703807946.279252 sending message 105 to peer 0x55dca2eac580 (8 bytes)
1703807946.279255 sending message 105 to peer 0x55dca2eac580 (14 bytes)
1703807946.279257 sending message 105 to peer 0x55dca2eac580 (32 bytes)
1703807946.279259 sending message 105 to peer 0x55dca2eac580 (1817 bytes)
1703807946.279261 sending message 105 to peer 0x55dca2eac580 (27 bytes)
1703807946.279263 sending message 105 to peer 0x55dca2eac580 (15 bytes)
1703807946.279265 sending message 105 to peer 0x55dca2eac580 (140 bytes)
1703807946.279267 sending message 105 to peer 0x55dca2eac580 (51 bytes)
1703807946.279268 sending message 105 to peer 0x55dca2eac580 (15 bytes)
1703807946.279270 sending message 105 to peer 0x55dca2eac580 (21 bytes)
1703807946.279272 sending message 105 to peer 0x55dca2eac580 (19 bytes)
1703807946.279274 sending message 105 to peer 0x55dca2eac580 (11 bytes)
1703807946.279276 sending message 105 to peer 0x55dca2eac580 (50 bytes)
1703807946.279278 sending message 105 to peer 0x55dca2eac580 (315 bytes)
1703807946.279279 sending message 105 to peer 0x55dca2eac580 (24 bytes)
1703807946.279281 sending message 105 to peer 0x55dca2eac580 (22 bytes)
1703807946.279283 sending message 105 to peer 0x55dca2eac580 (22 bytes)
1703807946.279285 sending message 105 to peer 0x55dca2eac580 (30 bytes)
1703807946.279286 sending message 105 to peer 0x55dca2eac580 (24 bytes)
1703807946.279288 sending message 105 to peer 0x55dca2eac580 (19 bytes)
1703807946.279290 sending message 105 to peer 0x55dca2eac580 (8 bytes)
1703807946.279292 sending message 105 to peer 0x55dca2eac580 (38 bytes)
1703807946.279294 sending message 105 to peer 0x55dca2eac580 (19 bytes)
1703807946.279295 sending message 105 to peer 0x55dca2eac580 (21 bytes)
1703807946.279297 sending message 105 to peer 0x55dca2eac580 (21 bytes)
1703807946.279299 sending message 105 to peer 0x55dca2eac580 (33 bytes)
1703807946.279301 sending message 105 to peer 0x55dca2eac580 (18 bytes)
1703807946.279303 sending message 105 to peer 0x55dca2eac580 (26 bytes)
1703807946.279304 sending message 105 to peer 0x55dca2eac580 (36 bytes)
1703807946.279306 sending message 105 to peer 0x55dca2eac580 (13 bytes)
1703807946.279308 sending message 105 to peer 0x55dca2eac580 (52 bytes)
1703807946.279310 sending message 105 to peer 0x55dca2eac580 (11 bytes)
1703807946.279312 sending message 105 to peer 0x55dca2eac580 (12 bytes)
1703807946.279313 sending message 105 to peer 0x55dca2eac580 (26 bytes)
1703807946.279315 sending message 105 to peer 0x55dca2eac580 (39 bytes)
1703807946.279317 sending message 105 to peer 0x55dca2eac580 (16 bytes)
1703807946.279319 sending message 105 to peer 0x55dca2eac580 (46 bytes)
1703807946.279320 sending message 105 to peer 0x55dca2eac580 (57 bytes)
1703807946.279322 sending message 105 to peer 0x55dca2eac580 (24 bytes)
1703807946.279324 sending message 105 to peer 0x55dca2eac580 (31 bytes)
1703807946.279326 sending message 105 to peer 0x55dca2eac580 (15 bytes)
1703807946.279328 sending message 105 to peer 0x55dca2eac580 (52 bytes)
1703807946.279330 sending message 105 to peer 0x55dca2eac580 (23 bytes)
1703807946.279331 sending message 105 to peer 0x55dca2eac580 (24 bytes)
1703807946.279333 sending message 105 to peer 0x55dca2eac580 (17 bytes)
1703807946.279338 sending message 105 to peer 0x55dca2eac580 (58 bytes)
1703807946.279339 sending message 105 to peer 0x55dca2eac580 (25 bytes)
1703807946.279341 sending message 105 to peer 0x55dca2eac580 (11 bytes)
1703807946.279343 sending message 105 to peer 0x55dca2eac580 (22 bytes)
1703807946.279345 sending message 105 to peer 0x55dca2eac580 (27 bytes)
1703807946.279347 sending message 105 to peer 0x55dca2eac580 (16 bytes)
1703807946.279348 sending message 105 to peer 0x55dca2eac580 (17 bytes)
1703807946.279350 sending message 106 to peer 0x55dca2eac580 (0 bytes)
1703807946.279378 sending message 200 to peer 0x55dca2eac580 (4 bytes)
1703807946.279379 client loop enter
1703807946.280541 peer 0x55dca2eac580 message 303
1703807946.280544 open write file 2 -
1703807946.280549 sending message 305 to peer 0x55dca2eac580 (8 bytes)
1703807946.280558 write check file 2
1703807946.280605 peer 0x55dca2eac580 message 304
1703807946.280607 write 58 to file 2
1703807946.280609 peer 0x55dca2eac580 message 203
1703807946.280611 file 2 58 bytes left
1703807946.280620 write check file 2
1703807946.280622 client loop exit
